Build started 11/12/2015 3:06:13 AM.
     1>Project "C:\Users\Jiro Matias\Documents\Final_Project\Endless_Runner_2\Endless_Runner_2\Endless_Runner_2.vcxproj" on node 2 (Build target(s)).
     1>ClCompile:
         C:\Program Files (x86)\Microsoft Visual Studio 14.0\VC\bin\CL.exe /c /I"C:\Users\Jiro Matias\Documents\Final_Project\SFML-2.3.2\include" /ZI /nologo /W3 /WX- /sdl /Od /Oy- /D WIN32 /D _DEBUG /D _WINDOWS /D _UNICODE /D UNICODE /Gm /EHsc /RTC1 /MDd /GS /fp:precise /Zc:wchar_t /Zc:forScope /Zc:inline /Fo"Debug\\" /Fd"Debug\vc140.pdb" /Gd /TP /analyze- /errorReport:prompt States.cpp
         States.cpp
     1>c:\users\jiro matias\documents\final_project\endless_runner_2\endless_runner_2\states.cpp(19): warning C4244: '=': conversion from 'double' to 'int', possible loss of data
     1>c:\users\jiro matias\documents\final_project\endless_runner_2\endless_runner_2\states.cpp(79): warning C4244: 'argument': conversion from 'int' to 'float', possible loss of data
     1>c:\users\jiro matias\documents\final_project\endless_runner_2\endless_runner_2\states.cpp(80): warning C4244: 'argument': conversion from 'int' to 'float', possible loss of data
     1>c:\users\jiro matias\documents\final_project\endless_runner_2\endless_runner_2\states.cpp(81): warning C4244: 'argument': conversion from 'int' to 'float', possible loss of data
     1>c:\users\jiro matias\documents\final_project\endless_runner_2\endless_runner_2\states.cpp(83): warning C4244: 'argument': conversion from 'int' to 'float', possible loss of data
     1>c:\users\jiro matias\documents\final_project\endless_runner_2\endless_runner_2\states.cpp(85): warning C4244: 'argument': conversion from 'int' to 'float', possible loss of data
     1>c:\users\jiro matias\documents\final_project\endless_runner_2\endless_runner_2\states.cpp(87): warning C4244: 'argument': conversion from 'int' to 'float', possible loss of data
     1>c:\users\jiro matias\documents\final_project\endless_runner_2\endless_runner_2\states.cpp(113): warning C4244: 'argument': conversion from 'int' to 'float', possible loss of data
     1>c:\users\jiro matias\documents\final_project\endless_runner_2\endless_runner_2\states.cpp(114): warning C4244: 'argument': conversion from 'int' to 'float', possible loss of data
     1>c:\users\jiro matias\documents\final_project\endless_runner_2\endless_runner_2\states.cpp(115): warning C4244: 'argument': conversion from 'int' to 'float', possible loss of data
     1>c:\users\jiro matias\documents\final_project\endless_runner_2\endless_runner_2\states.cpp(123): warning C4244: 'argument': conversion from 'time_t' to 'unsigned int', possible loss of data
     1>c:\users\jiro matias\documents\final_project\endless_runner_2\endless_runner_2\states.cpp(129): warning C4244: 'argument': conversion from 'int' to 'float', possible loss of data
     1>c:\users\jiro matias\documents\final_project\endless_runner_2\endless_runner_2\states.cpp(133): warning C4244: 'argument': conversion from 'int' to 'float', possible loss of data
     1>c:\users\jiro matias\documents\final_project\endless_runner_2\endless_runner_2\states.cpp(137): warning C4244: 'argument': conversion from 'int' to 'float', possible loss of data
       Link:
         C:\Program Files (x86)\Microsoft Visual Studio 14.0\VC\bin\link.exe /ERRORREPORT:PROMPT /OUT:"C:\Users\Jiro Matias\Documents\Final_Project\Endless_Runner_2\Debug\Endless_Runner_2.exe" /INCREMENTAL /NOLOGO /LIBPATH:"C:\Users\Jiro Matias\Documents\Final_Project\SFML-2.3.2\lib" "sfml-main-d.lib" "sfml-graphics-d.lib" "sfml-window-d.lib" "sfml-system-d.lib" kernel32.lib user32.lib gdi32.lib winspool.lib comdlg32.lib advapi32.lib shell32.lib ole32.lib oleaut32.lib uuid.lib odbc32.lib odbccp32.lib /MANIFEST /MANIFESTUAC:"level='asInvoker' uiAccess='false'" /manifest:embed /Debug /PDB:"C:\Users\Jiro Matias\Documents\Final_Project\Endless_Runner_2\Debug\Endless_Runner_2.pdb" /SUBSYSTEM:WINDOWS /TLBID:1 /DYNAMICBASE /NXCOMPAT /IMPLIB:"C:\Users\Jiro Matias\Documents\Final_Project\Endless_Runner_2\Debug\Endless_Runner_2.lib" /MACHINE:X86 Debug\main.obj
         Debug\States.obj
         Endless_Runner_2.vcxproj -> C:\Users\Jiro Matias\Documents\Final_Project\Endless_Runner_2\Debug\Endless_Runner_2.exe
     1>Done Building Project "C:\Users\Jiro Matias\Documents\Final_Project\Endless_Runner_2\Endless_Runner_2\Endless_Runner_2.vcxproj" (Build target(s)).

Build succeeded.

Time Elapsed 00:00:01.42
